<?xml version="1.0" encoding="UTF-8"?>
<testsuite xmlns:xsi="http://www.w3.org/2001/XMLSchema-instance" xsi:noNamespaceSchemaLocation="https://maven.apache.org/surefire/maven-surefire-plugin/xsd/surefire-test-report-3.0.xsd" version="3.0" name="com.example.ticketreservation.controller.RegistrationControllerIntegrationTest" time="10.327" tests="9" errors="0" skipped="0" failures="0">
  <properties>
[...]
</properties>
  <testcase name="register_rejectsMissingPassword" classname="com.example.ticketreservation.controller.RegistrationControllerIntegrationTest" time="1.194">
    <system-out><![CDATA[16:07:21.167 [main] INFO org.springframework.test.context.support.AnnotationConfigContextLoaderUtils -- Could not detect default configuration classes for test class [com.example.ticketreservation.controller.RegistrationControllerIntegrationTest]: RegistrationControllerIntegrationTest does not declare any static, non-private, non-final, nested classes annotated with @Configuration.
16:07:21.406 [main] INFO org.springframework.boot.test.context.SpringBootTestContextBootstrapper -- Found @SpringBootConfiguration com.example.ticketreservation.TicketReservationApplication for test class com.example.ticketreservation.controller.RegistrationControllerIntegrationTest

  .   ____          _            __ _ _
 /\\ / ___'_ __ _ _(_)_ __  __ _ \ \ \ \
( ( )\___ | '_ | '_| | '_ \/ _` | \ \ \ \
 \\/  ___)| |_)| | | | | || (_| |  ) ) ) )
  '  |____| .__|_| |_|_| |_\__, | / / / /
 =========|_|==============|___/=/_/_/_/
 :: Spring Boot ::                (v3.2.4)

2026-03-15T16:07:22.176-04:00  INFO 32904 --- [           main] .c.RegistrationControllerIntegrationTest : Starting RegistrationControllerIntegrationTest using Java 21.0.6 with PID 32904 (started by dsama in C:\Users\dsama\SOEN345\backend)
2026-03-15T16:07:22.178-04:00  INFO 32904 --- [           main] .c.RegistrationControllerIntegrationTest : No active profile set, falling back to 1 default profile: "default"
2026-03-15T16:07:23.543-04:00  INFO 32904 --- [           main] .s.d.r.c.RepositoryConfigurationDelegate : Bootstrapping Spring Data JPA repositories in DEFAULT mode.
2026-03-15T16:07:23.664-04:00  INFO 32904 --- [           main] .s.d.r.c.RepositoryConfigurationDelegate : Finished Spring Data repository scanning in 111 ms. Found 1 JPA repository interface.
2026-03-15T16:07:24.512-04:00  INFO 32904 --- [           main] o.hibernate.jpa.internal.util.LogHelper  : HHH000204: Processing PersistenceUnitInfo [name: default]
2026-03-15T16:07:24.736-04:00  INFO 32904 --- [           main] org.hibernate.Version                    : HHH000412: Hibernate ORM core version 6.4.4.Final
2026-03-15T16:07:24.807-04:00  INFO 32904 --- [           main] o.h.c.internal.RegionFactoryInitiator    : HHH000026: Second-level cache disabled
2026-03-15T16:07:25.244-04:00  INFO 32904 --- [           main] o.s.o.j.p.SpringPersistenceUnitInfo      : No LoadTimeWeaver setup: ignoring JPA class transformer
2026-03-15T16:07:25.287-04:00  INFO 32904 --- [           main] com.zaxxer.hikari.HikariDataSource       : HikariPool-1 - Starting...
2026-03-15T16:07:25.597-04:00  INFO 32904 --- [           main] com.zaxxer.hikari.pool.HikariPool        : HikariPool-1 - Added connection conn0: url=jdbc:h2:mem:ticketreservationtestdb user=SA
2026-03-15T16:07:25.599-04:00  INFO 32904 --- [           main] com.zaxxer.hikari.HikariDataSource       : HikariPool-1 - Start completed.
2026-03-15T16:07:25.624-04:00  WARN 32904 --- [           main] org.hibernate.orm.deprecation            : HHH90000025: H2Dialect does not need to be specified explicitly using 'hibernate.dialect' (remove the property setting and it will be selected by default)
2026-03-15T16:07:26.770-04:00  INFO 32904 --- [           main] o.h.e.t.j.p.i.JtaPlatformInitiator       : HHH000489: No JTA platform available (set 'hibernate.transaction.jta.platform' to enable JTA platform integration)
2026-03-15T16:07:26.826-04:00  INFO 32904 --- [           main] j.LocalContainerEntityManagerFactoryBean : Initialized JPA EntityManagerFactory for persistence unit 'default'
2026-03-15T16:07:27.655-04:00  WARN 32904 --- [           main] JpaBaseConfiguration$JpaWebConfiguration : spring.jpa.open-in-view is enabled by default. Therefore, database queries may be performed during view rendering. Explicitly configure spring.jpa.open-in-view to disable this warning
2026-03-15T16:07:27.695-04:00  WARN 32904 --- [           main] .s.s.UserDetailsServiceAutoConfiguration : 

Using generated security password: 9c559f62-4530-40d7-a19d-3195353615be

This generated password is for development use only. Your security configuration must be updated before running your application in production.

2026-03-15T16:07:28.315-04:00  INFO 32904 --- [           main] o.s.s.web.DefaultSecurityFilterChain     : Will secure any request with [org.springframework.security.web.session.DisableEncodeUrlFilter@2f09907, org.springframework.security.web.context.request.async.WebAsyncManagerIntegrationFilter@6f53295e, org.springframework.security.web.context.SecurityContextHolderFilter@3013e1e8, org.springframework.security.web.header.HeaderWriterFilter@46ef7340, org.springframework.web.filter.CorsFilter@5f8a29ca, org.springframework.security.web.authentication.logout.LogoutFilter@69c263f8, org.springframework.security.web.savedrequest.RequestCacheAwareFilter@61cff1e4, org.springframework.security.web.servletapi.SecurityContextHolderAwareRequestFilter@13f17b8f, org.springframework.security.web.authentication.AnonymousAuthenticationFilter@4f93a8f6, org.springframework.security.web.session.SessionManagementFilter@62b0792, org.springframework.security.web.access.ExceptionTranslationFilter@1c76b2fe, org.springframework.security.web.access.intercept.AuthorizationFilter@7db679]
2026-03-15T16:07:28.908-04:00  INFO 32904 --- [           main] o.s.b.t.m.w.SpringBootMockServletContext : Initializing Spring TestDispatcherServlet ''
2026-03-15T16:07:28.908-04:00  INFO 32904 --- [           main] o.s.t.web.servlet.TestDispatcherServlet  : Initializing Servlet ''
2026-03-15T16:07:28.910-04:00  INFO 32904 --- [           main] o.s.t.web.servlet.TestDispatcherServlet  : Completed initialization in 2 ms
2026-03-15T16:07:28.941-04:00  INFO 32904 --- [           main] .c.RegistrationControllerIntegrationTest : Started RegistrationControllerIntegrationTest in 7.267 seconds (process running for 9.046)
]]></system-out>
    <system-err><![CDATA[WARNING: A Java agent has been loaded dynamically (C:\Users\dsama\.m2\repository\net\bytebuddy\byte-buddy-agent\1.14.12\byte-buddy-agent-1.14.12.jar)
WARNING: If a serviceability tool is in use, please run with -XX:+EnableDynamicAgentLoading to hide this warning
WARNING: If a serviceability tool is not in use, please run with -Djdk.instrument.traceUsage for more information
WARNING: Dynamic loading of agents will be disallowed by default in a future release
]]></system-err>
  </testcase>
  <testcase name="register_rejectsShortPassword" classname="com.example.ticketreservation.controller.RegistrationControllerIntegrationTest" time="0.015"/>
  <testcase name="register_rejectsMissingLastName" classname="com.example.ticketreservation.controller.RegistrationControllerIntegrationTest" time="0.009"/>
  <testcase name="registerAndLogin_roundTrip" classname="com.example.ticketreservation.controller.RegistrationControllerIntegrationTest" time="0.476">
    <system-out><![CDATA[2026-03-15T16:07:30.514-04:00  INFO 32904 --- [           main] c.e.t.service.NotificationServiceImpl    : Registration confirmation email sent to: ava.ng@example.com
]]></system-out>
  </testcase>
  <testcase name="registerAndLogin_roundTripWithPhoneNumber" classname="com.example.ticketreservation.controller.RegistrationControllerIntegrationTest" time="0.212">
    <system-out><![CDATA[2026-03-15T16:07:30.776-04:00  INFO 32904 --- [           main] c.e.t.service.NotificationServiceImpl    : Registration confirmation SMS sent to: +15145550123
]]></system-out>
  </testcase>
  <testcase name="register_rejectsMissingFirstName" classname="com.example.ticketreservation.controller.RegistrationControllerIntegrationTest" time="0.009"/>
  <testcase name="register_rejectsDuplicatePhoneWithConflict" classname="com.example.ticketreservation.controller.RegistrationControllerIntegrationTest" time="0.121">
    <system-out><![CDATA[2026-03-15T16:07:31.002-04:00  INFO 32904 --- [           main] c.e.t.service.NotificationServiceImpl    : Registration confirmation SMS sent to: +15145550999
]]></system-out>
  </testcase>
  <testcase name="register_rejectsInvalidEmailFormat" classname="com.example.ticketreservation.controller.RegistrationControllerIntegrationTest" time="0.011"/>
  <testcase name="register_rejectsDuplicateEmailWithConflict" classname="com.example.ticketreservation.controller.RegistrationControllerIntegrationTest" time="0.118">
    <system-out><![CDATA[2026-03-15T16:07:31.138-04:00  INFO 32904 --- [           main] c.e.t.service.NotificationServiceImpl    : Registration confirmation email sent to: ava.dup@example.com
]]></system-out>
  </testcase>
</testsuite>