<?xml version="1.0" encoding="UTF-8"?>
<testsuite xmlns:xsi="http://www.w3.org/2001/XMLSchema-instance" xsi:noNamespaceSchemaLocation="https://maven.apache.org/surefire/maven-surefire-plugin/xsd/surefire-test-report-3.0.xsd" version="3.0" name="com.example.ticketreservation.TicketReservationApplicationTests" time="1.322" tests="1" errors="0" skipped="0" failures="0">
  <properties>
[...]
</properties>
  <testcase name="contextLoads" classname="com.example.ticketreservation.TicketReservationApplicationTests" time="0.006">
    <system-out><![CDATA[2026-03-15T16:07:32.196-04:00  INFO 32904 --- [           main] t.c.s.AnnotationConfigContextLoaderUtils : Could not detect default configuration classes for test class [com.example.ticketreservation.TicketReservationApplicationTests]: TicketReservationApplicationTests does not declare any static, non-private, non-final, nested classes annotated with @Configuration.
2026-03-15T16:07:32.212-04:00  INFO 32904 --- [           main] .b.t.c.SpringBootTestContextBootstrapper : Found @SpringBootConfiguration com.example.ticketreservation.TicketReservationApplication for test class com.example.ticketreservation.TicketReservationApplicationTests

  .   ____          _            __ _ _
 /\\ / ___'_ __ _ _(_)_ __  __ _ \ \ \ \
( ( )\___ | '_ | '_| | '_ \/ _` | \ \ \ \
 \\/  ___)| |_)| | | | | || (_| |  ) ) ) )
  '  |____| .__|_| |_|_| |_\__, | / / / /
 =========|_|==============|___/=/_/_/_/
 :: Spring Boot ::                (v3.2.4)

2026-03-15T16:07:32.296-04:00  INFO 32904 --- [           main] c.e.t.TicketReservationApplicationTests  : Starting TicketReservationApplicationTests using Java 21.0.6 with PID 32904 (started by dsama in C:\Users\dsama\SOEN345\backend)
2026-03-15T16:07:32.297-04:00  INFO 32904 --- [           main] c.e.t.TicketReservationApplicationTests  : No active profile set, falling back to 1 default profile: "default"
2026-03-15T16:07:32.706-04:00  INFO 32904 --- [           main] .s.d.r.c.RepositoryConfigurationDelegate : Bootstrapping Spring Data JPA repositories in DEFAULT mode.
2026-03-15T16:07:32.724-04:00  INFO 32904 --- [           main] .s.d.r.c.RepositoryConfigurationDelegate : Finished Spring Data repository scanning in 17 ms. Found 1 JPA repository interface.
2026-03-15T16:07:32.924-04:00  INFO 32904 --- [           main] o.hibernate.jpa.internal.util.LogHelper  : HHH000204: Processing PersistenceUnitInfo [name: default]
2026-03-15T16:07:32.932-04:00  INFO 32904 --- [           main] o.h.c.internal.RegionFactoryInitiator    : HHH000026: Second-level cache disabled
2026-03-15T16:07:32.948-04:00  INFO 32904 --- [           main] o.s.o.j.p.SpringPersistenceUnitInfo      : No LoadTimeWeaver setup: ignoring JPA class transformer
2026-03-15T16:07:32.951-04:00  INFO 32904 --- [           main] com.zaxxer.hikari.HikariDataSource       : HikariPool-2 - Starting...
2026-03-15T16:07:32.952-04:00  INFO 32904 --- [           main] com.zaxxer.hikari.pool.HikariPool        : HikariPool-2 - Added connection conn10: url=jdbc:h2:mem:ticketreservationtestdb user=SA
2026-03-15T16:07:32.954-04:00  INFO 32904 --- [           main] com.zaxxer.hikari.HikariDataSource       : HikariPool-2 - Start completed.
2026-03-15T16:07:32.955-04:00  WARN 32904 --- [           main] org.hibernate.orm.deprecation            : HHH90000025: H2Dialect does not need to be specified explicitly using 'hibernate.dialect' (remove the property setting and it will be selected by default)
2026-03-15T16:07:33.051-04:00  INFO 32904 --- [           main] o.h.e.t.j.p.i.JtaPlatformInitiator       : HHH000489: No JTA platform available (set 'hibernate.transaction.jta.platform' to enable JTA platform integration)
2026-03-15T16:07:33.057-04:00  INFO 32904 --- [           main] j.LocalContainerEntityManagerFactoryBean : Initialized JPA EntityManagerFactory for persistence unit 'default'
2026-03-15T16:07:33.194-04:00  WARN 32904 --- [           main] JpaBaseConfiguration$JpaWebConfiguration : spring.jpa.open-in-view is enabled by default. Therefore, database queries may be performed during view rendering. Explicitly configure spring.jpa.open-in-view to disable this warning
2026-03-15T16:07:33.211-04:00  WARN 32904 --- [           main] .s.s.UserDetailsServiceAutoConfiguration : 

Using generated security password: 35ac56e2-87a7-46d6-b3b5-b14a143924da

This generated password is for development use only. Your security configuration must be updated before running your application in production.

2026-03-15T16:07:33.328-04:00  INFO 32904 --- [           main] o.s.s.web.DefaultSecurityFilterChain     : Will secure any request with [org.springframework.security.web.session.DisableEncodeUrlFilter@5ef22587, org.springframework.security.web.context.request.async.WebAsyncManagerIntegrationFilter@e206be5, org.springframework.security.web.context.SecurityContextHolderFilter@1817f7f0, org.springframework.security.web.header.HeaderWriterFilter@8fa4647, org.springframework.web.filter.CorsFilter@5f2312f3, org.springframework.security.web.authentication.logout.LogoutFilter@18791f7b, org.springframework.security.web.savedrequest.RequestCacheAwareFilter@205c5cd0, org.springframework.security.web.servletapi.SecurityContextHolderAwareRequestFilter@7a4efee2, org.springframework.security.web.authentication.AnonymousAuthenticationFilter@21590b35, org.springframework.security.web.session.SessionManagementFilter@53a2dbf2, org.springframework.security.web.access.ExceptionTranslationFilter@7c689379, org.springframework.security.web.access.intercept.AuthorizationFilter@57352624]
2026-03-15T16:07:33.500-04:00  INFO 32904 --- [           main] c.e.t.TicketReservationApplicationTests  : Started TicketReservationApplicationTests in 1.281 seconds (process running for 13.605)
]]></system-out>
  </testcase>
</testsuite>